#
# There is insufficient memory for the Java Runtime Environment to continue.
# Native memory allocation (mmap) failed to map 264241152 bytes for Failed to commit area from 0x0000000704a00000 to 0x0000000714600000 of length 264241152.
# Possible reasons:
#   The system is out of physical RAM or swap space
#   The process is running with CompressedOops enabled, and the Java Heap may be blocking the growth of the native heap
# Possible solutions:
#   Reduce memory load on the system
#   Increase physical memory or swap space
#   Check if swap backing store is full
#   Decrease Java heap size (-Xmx/-Xms)
#   Decrease number of Java threads
#   Decrease Java thread stack sizes (-Xss)
#   Set larger code cache with -XX:ReservedCodeCacheSize=
# This output file may be truncated or incomplete.
#
#  Out of Memory Error (t:/workspace/open/src/hotspot/os/windows/os_windows.cpp:3301), pid=3972, tid=19264
#
# JRE version:  (13.0.2+8) (build )
# Java VM: Java HotSpot(TM) 64-Bit Server VM (13.0.2+8, mixed mode, aot, sharing, tiered, compressed oops, g1 gc, windows-amd64)
# No core dump will be written. Minidumps are not enabled by default on client versions of Windows
#

---------------  S U M M A R Y ------------

Command Line: -XX:TieredStopAtLevel=1 -Xverify:none -Dspring.output.ansi.enabled=always -javaagent:C:\Program Files\JetBrains\IntelliJ IDEA 2021.3\lib\idea_rt.jar=49390:C:\Program Files\JetBrains\IntelliJ IDEA 2021.3\bin -Dcom.sun.management.jmxremote -Dspring.jmx.enabled=true -Dspring.liveBeansView.mbeanDomain -Dspring.application.admin.enabled=true -Dfile.encoding=UTF-8 com.pretchel.pretchel0123jwt.Pretchel0123JwtApplication

Host: 11th Gen Intel(R) Core(TM) i5-1135G7 @ 2.40GHz, 8 cores, 15G,  Windows 10 , 64 bit Build 19041 (10.0.19041.1503)
Time: Fri Mar  4 22:07:06 2022 대한민국 표준시 elapsed time: 0 seconds (0d 0h 0m 0s)

---------------  T H R E A D  ---------------

Current thread (0x000001d1ccb32800):  JavaThread "Unknown thread" [_thread_in_vm, id=19264, stack(0x000000ad51c00000,0x000000ad51d00000)]

Stack: [0x000000ad51c00000,0x000000ad51d00000]
Native frames: (J=compiled Java code, j=interpreted, Vv=VM code, C=native code)
V  [jvm.dll+0x624f9a]
V  [jvm.dll+0x770cfa]
V  [jvm.dll+0x7724af]
V  [jvm.dll+0x772ab3]
V  [jvm.dll+0x24bf08]
V  [jvm.dll+0x6222aa]
V  [jvm.dll+0x6170b5]
V  [jvm.dll+0x30a88c]
V  [jvm.dll+0x30a6c2]
V  [jvm.dll+0x30fe36]
V  [jvm.dll+0x353f46]
V  [jvm.dll+0x353720]
V  [jvm.dll+0x2e550a]
V  [jvm.dll+0x2e67a2]
V  [jvm.dll+0x74dd78]
V  [jvm.dll+0x361989]
V  [jvm.dll+0x730e65]
V  [jvm.dll+0x3cc53f]
V  [jvm.dll+0x3ce861]
C  [jli.dll+0x51ff]
C  [ucrtbase.dll+0x21bb2]
C  [KERNEL32.DLL+0x17034]
C  [ntdll.dll+0x52651]


---------------  P R O C E S S  ---------------

Threads class SMR info:
_java_thread_list=0x00007ffc4d6bccb8, length=0, elements={
}

Java Threads: ( => current thread )

Other Threads:
  0x000001d1ccb9b800 GCTaskThread "GC Thread#0" [stack: 0x000000ad51d00000,0x000000ad51e00000] [id=15860]
  0x000001d1ccbbd800 ConcurrentGCThread "G1 Main Marker" [stack: 0x000000ad51e00000,0x000000ad51f00000] [id=17864]
  0x000001d1ccbc1800 ConcurrentGCThread "G1 Conc#0" [stack: 0x000000ad51f00000,0x000000ad52000000] [id=14668]

[error occurred during error reporting (printing all threads), id 0xc0000005, EXCEPTION_ACCESS_VIOLATION (0xc0000005) at pc=0x00007ffc4cef51d7]

VM state:not at safepoint (not fully initialized)

VM Mutex/Monitor currently owned by a thread:  ([mutex/lock_event])
[0x000001d1ccb2f3f0] Heap_lock - owner thread: 0x000001d1ccb32800

Heap address: 0x0000000704a00000, size: 4022 MB, Compressed Oops mode: Non-zero based: 0x0000000704a00000
Narrow klass base: 0x0000000000000000, Narrow klass shift: 0

GC Heap History (0 events):
No events

Deoptimization events (0 events):
No events

Classes unloaded (0 events):
No events

Classes redefined (0 events):
No events

Internal exceptions (0 events):
No events

Events (8 events):
Event: 0.131 Loaded shared library C:\Program Files\Java\jdk-13.0.2\bin\zip.dll
Event: 0.141 Loaded shared library C:\Program Files\Java\jdk-13.0.2\bin\jimage.dll
Event: 0.153 Loading shared library C:\Program Files\Java\jdk-13.0.2\lib\libjava.base-coop.dll failed, error code 126
Event: 0.154 Loading shared library C:\Program Files\Java\jdk-13.0.2\lib\libjava.logging-coop.dll failed, error code 126
Event: 0.154 Loading shared library C:\Program Files\Java\jdk-13.0.2\lib\libjdk.compiler-coop.dll failed, error code 126
Event: 0.154 Loading shared library C:\Program Files\Java\jdk-13.0.2\lib\libjdk.scripting.nashorn-coop.dll failed, error code 126
Event: 0.154 Loading shared library C:\Program Files\Java\jdk-13.0.2\lib\libjdk.internal.vm.ci-coop.dll failed, error code 126
Event: 0.155 Loading shared library C:\Program Files\Java\jdk-13.0.2\lib\libjdk.internal.vm.compiler-coop.dll failed, error code 126


Dynamic libraries:
0x00007ff64a010000 - 0x00007ff64a01f000 	C:\Program Files\Java\jdk-13.0.2\bin\java.exe
0x00007ffc77450000 - 0x00007ffc77645000 	C:\Windows\SYSTEM32\ntdll.dll
0x00007ffc76220000 - 0x00007ffc762de000 	C:\Windows\System32\KERNEL32.DLL
0x00007ffc74d20000 - 0x00007ffc74fe8000 	C:\Windows\System32\KERNELBASE.dll
0x00007ffc74bd0000 - 0x00007ffc74cd0000 	C:\Windows\System32\ucrtbase.dll
0x00007ffc4ea10000 - 0x00007ffc4ea25000 	C:\Program Files\Java\jdk-13.0.2\bin\VCRUNTIME140.dll
0x00007ffc5cfb0000 - 0x00007ffc5cfc8000 	C:\Program Files\Java\jdk-13.0.2\bin\jli.dll
0x00007ffc76940000 - 0x00007ffc769ee000 	C:\Windows\System32\ADVAPI32.dll
0x00007ffc76080000 - 0x00007ffc7611e000 	C:\Windows\System32\msvcrt.dll
0x00007ffc75800000 - 0x00007ffc7589c000 	C:\Windows\System32\sechost.dll
0x00007ffc75500000 - 0x00007ffc75625000 	C:\Windows\System32\RPCRT4.dll
0x00007ffc77270000 - 0x00007ffc77410000 	C:\Windows\System32\USER32.dll
0x00007ffc74ff0000 - 0x00007ffc75012000 	C:\Windows\System32\win32u.dll
0x00007ffc5e580000 - 0x00007ffc5e81a000 	C:\Windows\WinSxS\amd64_microsoft.windows.common-controls_6595b64144ccf1df_6.0.19041.1110_none_60b5254171f9507e\COMCTL32.dll
0x00007ffc76430000 - 0x00007ffc7645b000 	C:\Windows\System32\GDI32.dll
0x00007ffc750e0000 - 0x00007ffc751ed000 	C:\Windows\System32\gdi32full.dll
0x00007ffc751f0000 - 0x00007ffc7528d000 	C:\Windows\System32\msvcp_win.dll
0x00007ffc6a290000 - 0x00007ffc6a29a000 	C:\Windows\SYSTEM32\VERSION.dll
0x00007ffc761f0000 - 0x00007ffc76220000 	C:\Windows\System32\IMM32.DLL
0x00007ffc4b5a0000 - 0x00007ffc4b63b000 	C:\Program Files\Java\jdk-13.0.2\bin\msvcp140.dll
0x00007ffc4cc00000 - 0x00007ffc4d75d000 	C:\Program Files\Java\jdk-13.0.2\bin\server\jvm.dll
0x00007ffc763c0000 - 0x00007ffc763c8000 	C:\Windows\System32\PSAPI.DLL
0x00007ffc5a250000 - 0x00007ffc5a277000 	C:\Windows\SYSTEM32\WINMM.dll
0x00007ffc5ab50000 - 0x00007ffc5ab59000 	C:\Windows\SYSTEM32\WSOCK32.dll
0x00007ffc76180000 - 0x00007ffc761eb000 	C:\Windows\System32\WS2_32.dll
0x00007ffc733e0000 - 0x00007ffc733f2000 	C:\Windows\SYSTEM32\kernel.appcore.dll
0x00007ffc54d30000 - 0x00007ffc54d40000 	C:\Program Files\Java\jdk-13.0.2\bin\verify.dll
0x00007ffc72f30000 - 0x00007ffc73114000 	C:\Windows\SYSTEM32\DBGHELP.DLL
0x00007ffc69ad0000 - 0x00007ffc69afc000 	C:\Windows\SYSTEM32\dbgcore.DLL
0x00007ffc75020000 - 0x00007ffc750a2000 	C:\Windows\System32\bcryptPrimitives.dll
0x00007ffc4d8d0000 - 0x00007ffc4d8f6000 	C:\Program Files\Java\jdk-13.0.2\bin\java.dll
0x00007ffc6b2c0000 - 0x00007ffc6b2ce000 	C:\Program Files\Java\jdk-13.0.2\bin\instrument.dll
0x00007ffc4c300000 - 0x00007ffc4c317000 	C:\Program Files\Java\jdk-13.0.2\bin\zip.dll
0x00007ffc53f60000 - 0x00007ffc53f6a000 	C:\Program Files\Java\jdk-13.0.2\bin\jimage.dll

dbghelp: loaded successfully - version: 4.0.5 - missing functions: none
symbol engine: initialized successfully - sym options: 0x614 - pdb path: .;C:\Program Files\Java\jdk-13.0.2\bin;C:\Windows\SYSTEM32;C:\Windows\WinSxS\amd64_microsoft.windows.common-controls_6595b64144ccf1df_6.0.19041.1110_none_60b5254171f9507e;C:\Program Files\Java\jdk-13.0.2\bin\server

VM Arguments:
jvm_args: -XX:TieredStopAtLevel=1 -Xverify:none -Dspring.output.ansi.enabled=always -javaagent:C:\Program Files\JetBrains\IntelliJ IDEA 2021.3\lib\idea_rt.jar=49390:C:\Program Files\JetBrains\IntelliJ IDEA 2021.3\bin -Dcom.sun.management.jmxremote -Dspring.jmx.enabled=true -Dspring.liveBeansView.mbeanDomain -Dspring.application.admin.enabled=true -Dfile.encoding=UTF-8 
java_command: com.pretchel.pretchel0123jwt.Pretchel0123JwtApplication
java_class_path (initial): C:\Users\glutw\IdeaProjects\pretchel0123-jwt\build\classes\java\main;C:\Users\glutw\IdeaProjects\pretchel0123-jwt\build\resources\main;C:\Users\glutw\.gradle\caches\modules-2\files-2.1\org.springframework.boot\spring-boot-configuration-processor\2.6.3\6c0e21d31af4964436aa81db270b4d00f9c5436f\spring-boot-configuration-processor-2.6.3.jar;C:\Users\glutw\.gradle\caches\modules-2\files-2.1\org.projectlombok\lombok\1.18.22\9c08ea24c6eb714e2d6170e8122c069a0ba9aacf\lombok-1.18.22.jar;C:\Users\glutw\.gradle\caches\modules-2\files-2.1\javax.servlet\javax.servlet-api\4.0.1\a27082684a2ff0bf397666c3943496c44541d1ca\javax.servlet-api-4.0.1.jar;C:\Users\glutw\.gradle\caches\modules-2\files-2.1\org.springframework.boot\spring-boot-starter-data-jpa\2.6.3\74c60a724e4f81c7527b848ee24e91ba6facfe24\spring-boot-starter-data-jpa-2.6.3.jar;C:\Users\glutw\.gradle\caches\modules-2\files-2.1\org.springframework.boot\spring-boot-starter-oauth2-client\2.6.3\a4c7eeb03a93873b21801280158081204cbda90f\spring-boot-starter-oauth2-client-2.6.3.jar;C:\Users\glutw\.gradle\caches\modules-2\files-2.1\org.springframework.boot\spring-boot-starter-oauth2-resource-server\2.6.3\9ad2a5c9f3642aac565c0652a8757cfb7381e3d6\spring-boot-starter-oauth2-resource-server-2.6.3.jar;C:\Users\glutw\.gradle\caches\modules-2\files-2.1\org.springframework.boot\spring-boot-starter-security\2.6.3\c48cabd79ac51f3decb8e89cb492e5962a186aa4\spring-boot-starter-security-2.6.3.jar;C:\Users\glutw\.gradle\caches\modules-2\files-2.1\org.springframework.boot\spring-boot-starter-thymeleaf\2.6.3\1468befdafc10744d410848ea5ecb4d44c6c215b\spring-boot-starter-thymeleaf-2.6.3.jar;C:\Users\glutw\.gradle\caches\modules-2\files-2.1\org.springframework.boot\spring-boot-starter-web-services\2.6.3\bb03e69ffd109ba1418ad5bb54f504986f48f10f\spring-boot-starter-web-services-2.6.3.jar;C:\Users\glutw\.gradle\caches\modules-2\files-2.1\org.springframework.boot\spring-boot-starter-web\2.6.3\ceb6e909c144daf9e792069f5f0efd105c8712a
Launcher Type: SUN_STANDARD

[Global flags]
     intx CICompilerCount                          = 4                                         {product} {ergonomic}
     uint ConcGCThreads                            = 2                                         {product} {ergonomic}
     uint G1ConcRefinementThreads                  = 8                                         {product} {ergonomic}
   size_t G1HeapRegionSize                         = 1048576                                   {product} {ergonomic}
    uintx GCDrainStackTargetSize                   = 64                                        {product} {ergonomic}
   size_t InitialHeapSize                          = 264241152                                 {product} {ergonomic}
     bool ManagementServer                         = true                                      {product} {command line}
   size_t MarkStackSize                            = 4194304                                   {product} {ergonomic}
   size_t MaxHeapSize                              = 4217372672                                {product} {ergonomic}
   size_t MinHeapDeltaBytes                        = 1048576                                   {product} {ergonomic}
   size_t MinHeapSize                              = 8388608                                   {product} {ergonomic}
    uintx NonNMethodCodeHeapSize                   = 7549744                                {pd product} {ergonomic}
    uintx NonProfiledCodeHeapSize                  = 244108496                              {pd product} {ergonomic}
    uintx ProfiledCodeHeapSize                     = 0                                      {pd product} {ergonomic}
    uintx ReservedCodeCacheSize                    = 251658240                              {pd product} {ergonomic}
     bool SegmentedCodeCache                       = true                                      {product} {ergonomic}
   size_t SoftMaxHeapSize                          = 4217372672                             {manageable} {ergonomic}
     intx TieredStopAtLevel                        = 1                                         {product} {command line}
     bool UseCompressedClassPointers               = true                                 {lp64_product} {ergonomic}
     bool UseCompressedOops                        = true                                 {lp64_product} {ergonomic}
     bool UseG1GC                                  = true                                      {product} {ergonomic}
     bool UseLargePagesIndividualAllocation        = false                                  {pd product} {ergonomic}

Logging:
Log output configuration:
 #0: stdout all=warning uptime,level,tags
 #1: stderr all=off uptime,level,tags

Environment Variables:
PATH=C:\Program Files\Common Files\Oracle\Java\javapath;C:\Python310\Scripts\;C:\Python310\;C:\Windows\system32;C:\Windows;C:\Windows\System32\Wbem;C:\Windows\System32\WindowsPowerShell\v1.0\;C:\Windows\System32\OpenSSH\;C:\Program Files\dotnet\;C:\Program Files\nodejs\;C:\ProgramData\chocolatey\bin;C:\Program Files\Git\cmd;C:\Program Files\Java\jdk-13.0.2\bin;C:\Program Files\Redis\;C:\Users\glutw\AppData\Local\Microsoft\WindowsApps;C:\Users\glutw\.dotnet\tools;C:\Program Files\Bandizip\;C:\Program Files\JetBrains\IntelliJ IDEA 2021.3\bin;;C:\Users\glutw\AppData\Roaming\npm;C:\Users\glutw\AppData\Local\Programs\Microsoft VS Code\bin
USERNAME=glutw
OS=Windows_NT
PROCESSOR_IDENTIFIER=Intel64 Family 6 Model 140 Stepping 1, GenuineIntel



---------------  S Y S T E M  ---------------

OS: Windows 10 , 64 bit Build 19041 (10.0.19041.1503)

CPU:total 8 (initial active 8) (4 cores per cpu, 2 threads per core) family 6 model 140 stepping 1, cmov, cx8, fxsr, mmx, sse, sse2, sse3, ssse3, sse4.1, sse4.2, popcnt, avx, avx2, aes, clmul, erms, 3dnowpref, lzcnt, ht, tsc, tscinvbit, bmi1, bmi2, adx, evex, sha, fma

Memory: 4k page, system-wide physical 16080M (4493M free)
TotalPageFile size 16080M (AvailPageFile size 180M)
current process WorkingSet (physical memory assigned to process): 11M, peak: 11M
current process commit charge ("private bytes"): 58M, peak: 310M

vm_info: Java HotSpot(TM) 64-Bit Server VM (13.0.2+8) for windows-amd64 JRE (13.0.2+8), built on Dec 11 2019 09:20:33 by "mach5one" with unknown MS VC++:1916

END.
