#
# There is insufficient memory for the Java Runtime Environment to continue.
# Native memory allocation (mmap) failed to map 264241152 bytes for Failed to commit area from 0x00000000e0000000 to 0x00000000efc00000 of length 264241152.
# Possible reasons:
#   The system is out of physical RAM or swap space
#   The process is running with CompressedOops enabled, and the Java Heap may be blocking the growth of the native heap
# Possible solutions:
#   Reduce memory load on the system
#   Increase physical memory or swap space
#   Check if swap backing store is full
#   Decrease Java heap size (-Xmx/-Xms)
#   Decrease number of Java threads
#   Decrease Java thread stack sizes (-Xss)
#   Set larger code cache with -XX:ReservedCodeCacheSize=
# This output file may be truncated or incomplete.
#
#  Out of Memory Error (t:/workspace/open/src/hotspot/os/windows/os_windows.cpp:3301), pid=15256, tid=14784
#
# JRE version:  (13.0.2+8) (build )
# Java VM: Java HotSpot(TM) 64-Bit Server VM (13.0.2+8, mixed mode, aot, sharing, tiered, compressed oops, g1 gc, windows-amd64)
# No core dump will be written. Minidumps are not enabled by default on client versions of Windows
#

---------------  S U M M A R Y ------------

Command Line: -Dorg.gradle.internal.worker.tmpdir=C:\Users\glutw\IdeaProjects\pretchel0123-jwt\build\tmp\test\work -Dorg.gradle.native=false --add-opens=java.base/java.util=ALL-UNNAMED --add-opens=java.base/java.lang=ALL-UNNAMED -Xmx512m -Dfile.encoding=UTF-8 -Duser.country=KR -Duser.language=ko -Duser.variant -ea worker.org.gradle.process.internal.worker.GradleWorkerMain 'Gradle Test Executor 3'

Host: 11th Gen Intel(R) Core(TM) i5-1135G7 @ 2.40GHz, 8 cores, 15G,  Windows 10 , 64 bit Build 19041 (10.0.19041.1889)
Time: Wed Aug 31 17:45:23 2022 대한민국 표준시 elapsed time: 0 seconds (0d 0h 0m 0s)

---------------  T H R E A D  ---------------

Current thread (0x00000221b3480800):  JavaThread "Unknown thread" [_thread_in_vm, id=14784, stack(0x000000d581a00000,0x000000d581b00000)]

Stack: [0x000000d581a00000,0x000000d581b00000]
Native frames: (J=compiled Java code, j=interpreted, Vv=VM code, C=native code)
V  [jvm.dll+0x624f9a]
V  [jvm.dll+0x770cfa]
V  [jvm.dll+0x7724af]
V  [jvm.dll+0x772ab3]
V  [jvm.dll+0x24bf08]
V  [jvm.dll+0x6222aa]
V  [jvm.dll+0x6170b5]
V  [jvm.dll+0x30a88c]
V  [jvm.dll+0x30a6c2]
V  [jvm.dll+0x30fe36]
V  [jvm.dll+0x353f46]
V  [jvm.dll+0x353720]
V  [jvm.dll+0x2e550a]
V  [jvm.dll+0x2e67a2]
V  [jvm.dll+0x74dd78]
V  [jvm.dll+0x361989]
V  [jvm.dll+0x730e65]
V  [jvm.dll+0x3cc53f]
V  [jvm.dll+0x3ce861]
C  [jli.dll+0x51ff]
C  [ucrtbase.dll+0x21bb2]
C  [KERNEL32.DLL+0x17034]
C  [ntdll.dll+0x52651]


---------------  P R O C E S S  ---------------

Threads class SMR info:
_java_thread_list=0x00007ffbf51eccb8, length=0, elements={
}

Java Threads: ( => current thread )

Other Threads:
  0x00000221b34a7000 GCTaskThread "GC Thread#0" [stack: 0x000000d581b00000,0x000000d581c00000] [id=16164]
  0x00000221b34ad800 ConcurrentGCThread "G1 Main Marker" [stack: 0x000000d581c00000,0x000000d581d00000] [id=3772]
  0x00000221b34b1000 ConcurrentGCThread "G1 Conc#0" [stack: 0x000000d581d00000,0x000000d581e00000] [id=16680]

[error occurred during error reporting (printing all threads), id 0xc0000005, EXCEPTION_ACCESS_VIOLATION (0xc0000005) at pc=0x00007ffbf4a251d7]

VM state:not at safepoint (not fully initialized)

VM Mutex/Monitor currently owned by a thread:  ([mutex/lock_event])
[0x00000221b347c980] Heap_lock - owner thread: 0x00000221b3480800

Heap address: 0x00000000e0000000, size: 512 MB, Compressed Oops mode: Non-zero based: 0x00000000e0000000
Narrow klass base: 0x0000000000000000, Narrow klass shift: 0

GC Heap History (0 events):
No events

Deoptimization events (0 events):
No events

Classes unloaded (0 events):
No events

Classes redefined (0 events):
No events

Internal exceptions (0 events):
No events

Events (8 events):
Event: 0.012 Loaded shared library C:\Program Files\Java\jdk-13.0.2\bin\zip.dll
Event: 0.013 Loaded shared library C:\Program Files\Java\jdk-13.0.2\bin\jimage.dll
Event: 0.014 Loading shared library C:\Program Files\Java\jdk-13.0.2\lib\libjava.base-coop.dll failed, error code 126
Event: 0.014 Loading shared library C:\Program Files\Java\jdk-13.0.2\lib\libjava.logging-coop.dll failed, error code 126
Event: 0.014 Loading shared library C:\Program Files\Java\jdk-13.0.2\lib\libjdk.compiler-coop.dll failed, error code 126
Event: 0.015 Loading shared library C:\Program Files\Java\jdk-13.0.2\lib\libjdk.scripting.nashorn-coop.dll failed, error code 126
Event: 0.015 Loading shared library C:\Program Files\Java\jdk-13.0.2\lib\libjdk.internal.vm.ci-coop.dll failed, error code 126
Event: 0.015 Loading shared library C:\Program Files\Java\jdk-13.0.2\lib\libjdk.internal.vm.compiler-coop.dll failed, error code 126


Dynamic libraries:
0x00007ff6498e0000 - 0x00007ff6498ef000 	C:\Program Files\Java\jdk-13.0.2\bin\java.exe
0x00007ffc3bfd0000 - 0x00007ffc3c1c8000 	C:\Windows\SYSTEM32\ntdll.dll
0x00007ffc3bc30000 - 0x00007ffc3bced000 	C:\Windows\System32\KERNEL32.DLL
0x00007ffc39c00000 - 0x00007ffc39ece000 	C:\Windows\System32\KERNELBASE.dll
0x00007ffc39ad0000 - 0x00007ffc39bd0000 	C:\Windows\System32\ucrtbase.dll
0x00007ffc30e20000 - 0x00007ffc30e35000 	C:\Program Files\Java\jdk-13.0.2\bin\VCRUNTIME140.dll
0x00007ffc2f1c0000 - 0x00007ffc2f1d8000 	C:\Program Files\Java\jdk-13.0.2\bin\jli.dll
0x00007ffc3a900000 - 0x00007ffc3a9ae000 	C:\Windows\System32\ADVAPI32.dll
0x00007ffc3bcf0000 - 0x00007ffc3bd8e000 	C:\Windows\System32\msvcrt.dll
0x00007ffc3bb90000 - 0x00007ffc3bc2c000 	C:\Windows\System32\sechost.dll
0x00007ffc3a6a0000 - 0x00007ffc3a7c5000 	C:\Windows\System32\RPCRT4.dll
0x00007ffc3b9f0000 - 0x00007ffc3bb90000 	C:\Windows\System32\USER32.dll
0x00007ffc39f60000 - 0x00007ffc39f82000 	C:\Windows\System32\win32u.dll
0x00007ffc3a670000 - 0x00007ffc3a69a000 	C:\Windows\System32\GDI32.dll
0x00007ffc21030000 - 0x00007ffc212ca000 	C:\Windows\WinSxS\amd64_microsoft.windows.common-controls_6595b64144ccf1df_6.0.19041.1110_none_60b5254171f9507e\COMCTL32.dll
0x00007ffc39860000 - 0x00007ffc3996b000 	C:\Windows\System32\gdi32full.dll
0x00007ffc39f90000 - 0x00007ffc3a02d000 	C:\Windows\System32\msvcp_win.dll
0x00007ffc26c30000 - 0x00007ffc26c3a000 	C:\Windows\SYSTEM32\VERSION.dll
0x00007ffc3a640000 - 0x00007ffc3a670000 	C:\Windows\System32\IMM32.DLL
0x00007ffc06fb0000 - 0x00007ffc0704b000 	C:\Program Files\Java\jdk-13.0.2\bin\msvcp140.dll
0x00007ffbf4730000 - 0x00007ffbf528d000 	C:\Program Files\Java\jdk-13.0.2\bin\server\jvm.dll
0x00007ffc3a030000 - 0x00007ffc3a038000 	C:\Windows\System32\PSAPI.DLL
0x00007ffc1dc00000 - 0x00007ffc1dc27000 	C:\Windows\SYSTEM32\WINMM.dll
0x00007ffc1e9c0000 - 0x00007ffc1e9c9000 	C:\Windows\SYSTEM32\WSOCK32.dll
0x00007ffc3b900000 - 0x00007ffc3b96b000 	C:\Windows\System32\WS2_32.dll
0x00007ffc37fd0000 - 0x00007ffc37fe2000 	C:\Windows\SYSTEM32\kernel.appcore.dll
0x00007ffc2f3d0000 - 0x00007ffc2f3e0000 	C:\Program Files\Java\jdk-13.0.2\bin\verify.dll
0x00007ffc37ae0000 - 0x00007ffc37cc4000 	C:\Windows\SYSTEM32\DBGHELP.DLL
0x00007ffc1d590000 - 0x00007ffc1d5bc000 	C:\Windows\SYSTEM32\dbgcore.DLL
0x00007ffc39ed0000 - 0x00007ffc39f52000 	C:\Windows\System32\bcryptPrimitives.dll
0x00007ffc22fb0000 - 0x00007ffc22fd6000 	C:\Program Files\Java\jdk-13.0.2\bin\java.dll
0x00007ffc22f90000 - 0x00007ffc22fa7000 	C:\Program Files\Java\jdk-13.0.2\bin\zip.dll
0x00007ffc2f1b0000 - 0x00007ffc2f1ba000 	C:\Program Files\Java\jdk-13.0.2\bin\jimage.dll

dbghelp: loaded successfully - version: 4.0.5 - missing functions: none
symbol engine: initialized successfully - sym options: 0x614 - pdb path: .;C:\Program Files\Java\jdk-13.0.2\bin;C:\Windows\SYSTEM32;C:\Windows\WinSxS\amd64_microsoft.windows.common-controls_6595b64144ccf1df_6.0.19041.1110_none_60b5254171f9507e;C:\Program Files\Java\jdk-13.0.2\bin\server

VM Arguments:
jvm_args: -Dorg.gradle.internal.worker.tmpdir=C:\Users\glutw\IdeaProjects\pretchel0123-jwt\build\tmp\test\work -Dorg.gradle.native=false --add-opens=java.base/java.util=ALL-UNNAMED --add-opens=java.base/java.lang=ALL-UNNAMED -Xmx512m -Dfile.encoding=UTF-8 -Duser.country=KR -Duser.language=ko -Duser.variant -ea 
java_command: worker.org.gradle.process.internal.worker.GradleWorkerMain 'Gradle Test Executor 3'
java_class_path (initial): C:\\Users\\glutw\\.gradle\\caches\\7.3.3\\workerMain\\gradle-worker.jar;C:\\Users\\glutw\\IdeaProjects\\pretchel0123-jwt\\build\\classes\\java\\test;C:\\Users\\glutw\\IdeaProjects\\pretchel0123-jwt\\build\\resources\\test;C:\\Users\\glutw\\IdeaProjects\\pretchel0123-jwt\\build\\classes\\java\\main;C:\\Users\\glutw\\IdeaProjects\\pretchel0123-jwt\\build\\resources\\main;C:\\Users\\glutw\\.gradle\\caches\\modules-2\\files-2.1\\org.springframework.boot\\spring-boot-starter-data-jpa\\2.6.3\\74c60a724e4f81c7527b848ee24e91ba6facfe24\\spring-boot-starter-data-jpa-2.6.3.jar;C:\\Users\\glutw\\.gradle\\caches\\modules-2\\files-2.1\\org.springframework.boot\\spring-boot-starter-oauth2-client\\2.6.3\\a4c7eeb03a93873b21801280158081204cbda90f\\spring-boot-starter-oauth2-client-2.6.3.jar;C:\\Users\\glutw\\.gradle\\caches\\modules-2\\files-2.1\\org.springframework.boot\\spring-boot-starter-oauth2-resource-server\\2.6.3\\9ad2a5c9f3642aac565c0652a8757cfb7381e3d6\\spring-boot-starter-oauth2-resource-server-2.6.3.jar;C:\\Users\\glutw\\.gradle\\caches\\modules-2\\files-2.1\\org.springframework.boot\\spring-boot-starter-security\\2.6.3\\c48cabd79ac51f3decb8e89cb492e5962a186aa4\\spring-boot-starter-security-2.6.3.jar;C:\\Users\\glutw\\.gradle\\caches\\modules-2\\files-2.1\\org.springframework.boot\\spring-boot-starter-thymeleaf\\2.6.3\\1468befdafc10744d410848ea5ecb4d44c6c215b\\spring-boot-starter-thymeleaf-2.6.3.jar;C:\\Users\\glutw\\.gradle\\caches\\modules-2\\files-2.1\\org.springframework.boot\\spring-boot-starter-web-services\\2.6.3\\bb03e69ffd109ba1418ad5bb54f504986f48f10f\\spring-boot-starter-web-services-2.6.3.jar;C:\\Users\\glutw\\.gradle\\caches\\modules-2\\files-2.1\\org.springframework.boot\\spring-boot-starter-web\\2.6.3\\ceb6e909c144daf9e792069f5f0efd105c8712a\\spring-boot-starter-web-2.6.3.jar;C:\\Users\\glutw\\.gradle\\caches\\modules-2\\files-2.1\\org.mybatis.spring.boot\\mybatis-spring-boot-starter\\2.2.1\\1cae1a4627e78d846a33fa90d1133f74e0aef
Launcher Type: SUN_STANDARD

[Global flags]
     intx CICompilerCount                          = 4                                         {product} {ergonomic}
     uint ConcGCThreads                            = 2                                         {product} {ergonomic}
     uint G1ConcRefinementThreads                  = 8                                         {product} {ergonomic}
   size_t G1HeapRegionSize                         = 1048576                                   {product} {ergonomic}
    uintx GCDrainStackTargetSize                   = 64                                        {product} {ergonomic}
   size_t InitialHeapSize                          = 264241152                                 {product} {ergonomic}
   size_t MarkStackSize                            = 4194304                                   {product} {ergonomic}
   size_t MaxHeapSize                              = 536870912                                 {product} {command line}
   size_t MinHeapDeltaBytes                        = 1048576                                   {product} {ergonomic}
   size_t MinHeapSize                              = 8388608                                   {product} {ergonomic}
    uintx NonNMethodCodeHeapSize                   = 5839372                                {pd product} {ergonomic}
    uintx NonProfiledCodeHeapSize                  = 122909434                              {pd product} {ergonomic}
    uintx ProfiledCodeHeapSize                     = 122909434                              {pd product} {ergonomic}
    uintx ReservedCodeCacheSize                    = 251658240                              {pd product} {ergonomic}
     bool SegmentedCodeCache                       = true                                      {product} {ergonomic}
   size_t SoftMaxHeapSize                          = 536870912                              {manageable} {ergonomic}
     bool UseCompressedClassPointers               = true                                 {lp64_product} {ergonomic}
     bool UseCompressedOops                        = true                                 {lp64_product} {ergonomic}
     bool UseG1GC                                  = true                                      {product} {ergonomic}
     bool UseLargePagesIndividualAllocation        = false                                  {pd product} {ergonomic}

Logging:
Log output configuration:
 #0: stdout all=warning uptime,level,tags
 #1: stderr all=off uptime,level,tags

Environment Variables:
JAVA_HOME=C:\Program Files\Java\java-1.8.0-openjdk-1.8.0.322-1.b06.ojdkbuild.windows.x86_64\java-1.8.0-openjdk-1.8.0.322-1.b06.ojdkbuild.windows.x86_64
PATH=C:\Program Files\PostgreSQL\14\bin;C:\Program Files\Common Files\Oracle\Java\javapath;C:\Python310\Scripts\;C:\Python310\;C:\Windows\system32;C:\Windows;C:\Windows\System32\Wbem;C:\Windows\System32\WindowsPowerShell\v1.0\;C:\Windows\System32\OpenSSH\;C:\Program Files\dotnet\;C:\ProgramData\chocolatey\bin;C:\Program Files\Git\cmd;C:\Program Files\Java\jdk-13.0.2\bin;C:\Program Files\Redis\;C:\Program Files (x86)\PuTTY\;C:\Program Files\Java\java-1.8.0-openjdk-1.8.0.322-1.b06.ojdkbuild.windows.x86_64\java-1.8.0-openjdk-1.8.0.322-1.b06.ojdkbuild.windows.x86_64\bin;C:\Program Files\Go\bin;C:\Users\glutw\AppData\Local\Microsoft\WindowsApps;C:\Users\glutw\.dotnet\tools;C:\Program Files\Bandizip\;C:\Program Files\JetBrains\IntelliJ IDEA 2021.3\bin;;C:\Users\glutw\AppData\Local\Programs\Microsoft VS Code\bin;C:\Users\glutw\go\bin
USERNAME=glutw
OS=Windows_NT
PROCESSOR_IDENTIFIER=Intel64 Family 6 Model 140 Stepping 1, GenuineIntel



---------------  S Y S T E M  ---------------

OS: Windows 10 , 64 bit Build 19041 (10.0.19041.1889)

CPU:total 8 (initial active 8) (4 cores per cpu, 2 threads per core) family 6 model 140 stepping 1, cmov, cx8, fxsr, mmx, sse, sse2, sse3, ssse3, sse4.1, sse4.2, popcnt, avx, avx2, aes, clmul, erms, 3dnowpref, lzcnt, ht, tsc, tscinvbit, bmi1, bmi2, adx, evex, sha, fma

Memory: 4k page, system-wide physical 16080M (5602M free)
TotalPageFile size 16080M (AvailPageFile size 57M)
current process WorkingSet (physical memory assigned to process): 10M, peak: 10M
current process commit charge ("private bytes"): 59M, peak: 311M

vm_info: Java HotSpot(TM) 64-Bit Server VM (13.0.2+8) for windows-amd64 JRE (13.0.2+8), built on Dec 11 2019 09:20:33 by "mach5one" with unknown MS VC++:1916

END.
